<?xml version="1.0" encoding="UTF-8"?>
<testng-results skipped="0" failed="0" ignored="3" total="12" passed="9">
  <reporter-output>
  </reporter-output>
  <suite name="Booking Suite" duration-ms="233" started-at="2021-07-27T00:34:44Z" finished-at="2021-07-27T00:34:44Z">
    <groups>
    </groups>
    <test name="Create Booking Test - Apply Discount - pay@hotel" duration-ms="114" started-at="2021-07-27T00:34:44Z" finished-at="2021-07-27T00:34:44Z">
      <class name="testcases.PaymentManager">
        <test-method status="PASS" signature="applyDiscount()[pri:0, instance:testcases.PaymentManager@368239c8]" name="applyDiscount" duration-ms="1" started-at="2021-07-27T00:34:44Z" finished-at="2021-07-27T00:34:44Z">
          <reporter-output>
          </reporter-output>
        </test-method> <!-- applyDiscount -->
        <test-method status="PASS" signature="makePayment(java.lang.String, org.testng.ITestContext)[pri:0, instance:testcases.PaymentManager@368239c8]" name="makePayment" duration-ms="0" started-at="2021-07-27T00:34:44Z" finished-at="2021-07-27T00:34:44Z">
          <params>
            <param index="0">
              <value>
                <![CDATA[pay@hotel]]>
              </value>
            </param>
            <param index="1">
              <value>
                <![CDATA[org.testng.TestRunner@17d99928]]>
              </value>
            </param>
          </params>
          <reporter-output>
          </reporter-output>
        </test-method> <!-- makePayment -->
      </class> <!-- testcases.PaymentManager -->
      <class name="testcases.BookingSearch">
        <test-method status="PASS" signature="searchHotel()[pri:0, instance:testcases.BookingSearch@77556fd]" name="searchHotel" duration-ms="18" started-at="2021-07-27T00:34:44Z" finished-at="2021-07-27T00:34:44Z">
          <reporter-output>
          </reporter-output>
        </test-method> <!-- searchHotel -->
        <test-method status="PASS" signature="selectHotel()[pri:0, instance:testcases.BookingSearch@77556fd]" name="selectHotel" duration-ms="0" started-at="2021-07-27T00:34:44Z" finished-at="2021-07-27T00:34:44Z">
          <reporter-output>
          </reporter-output>
        </test-method> <!-- selectHotel -->
        <test-method status="PASS" signature="enterGuestInfo()[pri:0, instance:testcases.BookingSearch@77556fd]" name="enterGuestInfo" duration-ms="0" started-at="2021-07-27T00:34:44Z" finished-at="2021-07-27T00:34:44Z">
          <reporter-output>
          </reporter-output>
        </test-method> <!-- enterGuestInfo -->
      </class> <!-- testcases.BookingSearch -->
    </test> <!-- Create Booking Test - Apply Discount - pay@hotel -->
    <test name="Create Booking Test - No Discount - pay@hotel" duration-ms="8" started-at="2021-07-27T00:34:44Z" finished-at="2021-07-27T00:34:44Z">
      <class name="testcases.PaymentManager">
        <test-method status="PASS" signature="makePayment(java.lang.String, org.testng.ITestContext)[pri:0, instance:testcases.PaymentManager@67f89fa3]" name="makePayment" duration-ms="0" started-at="2021-07-27T00:34:44Z" finished-at="2021-07-27T00:34:44Z">
          <params>
            <param index="0">
              <value>
                <![CDATA[pay@hotel]]>
              </value>
            </param>
            <param index="1">
              <value>
                <![CDATA[org.testng.TestRunner@d7b1517]]>
              </value>
            </param>
          </params>
          <reporter-output>
          </reporter-output>
        </test-method> <!-- makePayment -->
      </class> <!-- testcases.PaymentManager -->
      <class name="testcases.BookingSearch">
        <test-method status="PASS" signature="searchHotel()[pri:0, instance:testcases.BookingSearch@1c6b6478]" name="searchHotel" duration-ms="0" started-at="2021-07-27T00:34:44Z" finished-at="2021-07-27T00:34:44Z">
          <reporter-output>
          </reporter-output>
        </test-method> <!-- searchHotel -->
        <test-method status="PASS" signature="selectHotel()[pri:0, instance:testcases.BookingSearch@1c6b6478]" name="selectHotel" duration-ms="1" started-at="2021-07-27T00:34:44Z" finished-at="2021-07-27T00:34:44Z">
          <reporter-output>
          </reporter-output>
        </test-method> <!-- selectHotel -->
        <test-method status="PASS" signature="enterGuestInfo()[pri:0, instance:testcases.BookingSearch@1c6b6478]" name="enterGuestInfo" duration-ms="1" started-at="2021-07-27T00:34:44Z" finished-at="2021-07-27T00:34:44Z">
          <reporter-output>
          </reporter-output>
        </test-method> <!-- enterGuestInfo -->
      </class> <!-- testcases.BookingSearch -->
    </test> <!-- Create Booking Test - No Discount - pay@hotel -->
  </suite> <!-- Booking Suite -->
</testng-results>
