<?xml version="1.0" encoding="UTF-8"?>
<testng-results skipped="0" failed="0" ignored="1" total="3" passed="2">
  <reporter-output>
  </reporter-output>
  <suite name="Default suite" duration-ms="176" started-at="2021-06-03T07:33:32 IST" finished-at="2021-06-03T07:33:32 IST">
    <groups>
    </groups>
    <test name="Default test" duration-ms="176" started-at="2021-06-03T07:33:32 IST" finished-at="2021-06-03T07:33:32 IST">
      <class name="demogroup.SampleProject.NewTest1">
        <test-method status="PASS" signature="beforeSuite()[pri:0, instance:demogroup.SampleProject.NewTest1@7494e528]" name="beforeSuite" is-config="true" duration-ms="28" started-at="2021-06-03T07:33:32 IST" finished-at="2021-06-03T07:33:32 IST">
          <reporter-output>
          </reporter-output>
        </test-method> <!-- beforeSuite -->
        <test-method status="PASS" signature="beforeTest()[pri:0, instance:demogroup.SampleProject.NewTest1@7494e528]" name="beforeTest" is-config="true" duration-ms="0" started-at="2021-06-03T07:33:32 IST" finished-at="2021-06-03T07:33:32 IST">
          <reporter-output>
          </reporter-output>
        </test-method> <!-- beforeTest -->
        <test-method status="PASS" signature="beforeClass()[pri:0, instance:demogroup.SampleProject.NewTest1@7494e528]" name="beforeClass" is-config="true" duration-ms="2" started-at="2021-06-03T07:33:32 IST" finished-at="2021-06-03T07:33:32 IST">
          <reporter-output>
          </reporter-output>
        </test-method> <!-- beforeClass -->
        <test-method status="PASS" signature="beforeMethod()[pri:0, instance:demogroup.SampleProject.NewTest1@7494e528]" name="beforeMethod" is-config="true" duration-ms="3" started-at="2021-06-03T07:33:32 IST" finished-at="2021-06-03T07:33:32 IST">
          <reporter-output>
          </reporter-output>
        </test-method> <!-- beforeMethod -->
        <test-method status="PASS" signature="f()[pri:1, instance:demogroup.SampleProject.NewTest1@7494e528]" name="f" duration-ms="16" started-at="2021-06-03T07:33:32 IST" finished-at="2021-06-03T07:33:32 IST">
          <reporter-output>
          </reporter-output>
        </test-method> <!-- f -->
        <test-method status="PASS" signature="afterMethod()[pri:0, instance:demogroup.SampleProject.NewTest1@7494e528]" name="afterMethod" is-config="true" duration-ms="0" started-at="2021-06-03T07:33:32 IST" finished-at="2021-06-03T07:33:32 IST">
          <reporter-output>
          </reporter-output>
        </test-method> <!-- afterMethod -->
        <test-method status="PASS" signature="beforeMethod()[pri:0, instance:demogroup.SampleProject.NewTest1@7494e528]" name="beforeMethod" is-config="true" duration-ms="3" started-at="2021-06-03T07:33:32 IST" finished-at="2021-06-03T07:33:32 IST">
          <reporter-output>
          </reporter-output>
        </test-method> <!-- beforeMethod -->
        <test-method status="PASS" signature="a()[pri:3, instance:demogroup.SampleProject.NewTest1@7494e528]" name="a" duration-ms="11" started-at="2021-06-03T07:33:32 IST" finished-at="2021-06-03T07:33:32 IST">
          <reporter-output>
          </reporter-output>
        </test-method> <!-- a -->
        <test-method status="PASS" signature="afterMethod()[pri:0, instance:demogroup.SampleProject.NewTest1@7494e528]" name="afterMethod" is-config="true" duration-ms="1" started-at="2021-06-03T07:33:32 IST" finished-at="2021-06-03T07:33:32 IST">
          <reporter-output>
          </reporter-output>
        </test-method> <!-- afterMethod -->
        <test-method status="PASS" signature="afterClass()[pri:0, instance:demogroup.SampleProject.NewTest1@7494e528]" name="afterClass" is-config="true" duration-ms="3" started-at="2021-06-03T07:33:32 IST" finished-at="2021-06-03T07:33:32 IST">
          <reporter-output>
          </reporter-output>
        </test-method> <!-- afterClass -->
        <test-method status="PASS" signature="afterTest()[pri:0, instance:demogroup.SampleProject.NewTest1@7494e528]" name="afterTest" is-config="true" duration-ms="6" started-at="2021-06-03T07:33:32 IST" finished-at="2021-06-03T07:33:32 IST">
          <reporter-output>
          </reporter-output>
        </test-method> <!-- afterTest -->
        <test-method status="PASS" signature="afterSuite()[pri:0, instance:demogroup.SampleProject.NewTest1@7494e528]" name="afterSuite" is-config="true" duration-ms="1" started-at="2021-06-03T07:33:33 IST" finished-at="2021-06-03T07:33:33 IST">
          <reporter-output>
          </reporter-output>
        </test-method> <!-- afterSuite -->
      </class> <!-- demogroup.SampleProject.NewTest1 -->
    </test> <!-- Default test -->
  </suite> <!-- Default suite -->
</testng-results>
