<?xml version="1.0" encoding="UTF-8"?>
<!-- Generated by org.testng.reporters.JUnitXMLReporter -->
<testsuite hostname="DESKTOP-27L8JE7" ignored="4" name="Delete Portfolio Test" tests="2" failures="0" timestamp="05 Aug 2021 00:29:24 GMT" time="18.301" errors="0">
  <testcase name="doLogin" time="17.73" classname="com.project.suiteA.Session"/>
  <testcase name="deletePortofolio" time="0.004" classname="com.project.suiteA.PortfolioManagement"/>
  <testcase name="doLogout" time="0.0" classname="com.project.suiteA.Session">
    <ignored/>
  </testcase> <!-- doLogout -->
  <testcase name="@AfterTest quit" time="0.0" classname="com.project.Base.BaseTest">
    <ignored/>
  </testcase> <!-- @AfterTest quit -->
  <testcase name="@BeforeTest beforeTest" time="0.0" classname="com.project.Base.BaseTest">
    <ignored/>
  </testcase> <!-- @BeforeTest beforeTest -->
  <testcase name="createPortofolio" time="0.0" classname="com.project.suiteA.PortfolioManagement">
    <ignored/>
  </testcase> <!-- createPortofolio -->
</testsuite> <!-- Delete Portfolio Test -->
