<?xml version="1.0" encoding="UTF-8"?>
<!-- Generated by org.testng.reporters.JUnitXMLReporter -->
<testsuite hostname="DESKTOP-27L8JE7" ignored="3" name="deletePortfolio Test" tests="2" failures="0" timestamp="27 Jul 2021 23:56:07 GMT" time="0.024" errors="0">
  <testcase name="doLogin" time="0.002" classname="com.project.suiteA.Session"/>
  <testcase name="deletePortfolio" time="0.002" classname="com.project.suiteA.PortfolioManagement"/>
  <testcase name="createPortfolio" time="0.0" classname="com.project.suiteA.PortfolioManagement">
    <ignored/>
  </testcase> <!-- createPortfolio -->
  <testcase name="doLogout" time="0.0" classname="com.project.suiteA.Session">
    <ignored/>
  </testcase> <!-- doLogout -->
  <testcase name="@BeforeTest beforeTest" time="0.0" classname="com.project.Base.BaseTest">
    <ignored/>
  </testcase> <!-- @BeforeTest beforeTest -->
</testsuite> <!-- deletePortfolio Test -->
