<?xml version="1.0" encoding="UTF-8"?>
<!-- Generated by org.testng.reporters.JUnitXMLReporter -->
<testsuite hostname="DESKTOP-27L8JE7" ignored="4" name="Delete Portfolio Test" tests="2" failures="0" timestamp="04 Aug 2021 00:53:17 GMT" time="4.303" errors="0">
  <testcase name="doLogin" time="3.846" classname="com.project.suiteA.Session"/>
  <testcase name="deletePortofolio" time="0.026" classname="com.project.suiteA.PortfolioManagement"/>
  <testcase name="doLogout" time="0.0" classname="com.project.suiteA.Session">
    <ignored/>
  </testcase> <!-- doLogout -->
  <testcase name="@AfterTest quit" time="0.0" classname="com.project.Base.BaseTest">
    <ignored/>
  </testcase> <!-- @AfterTest quit -->
  <testcase name="@BeforeTest beforeTest" time="0.0" classname="com.project.Base.BaseTest">
    <ignored/>
  </testcase> <!-- @BeforeTest beforeTest -->
  <testcase name="createPortofolio" time="0.0" classname="com.project.suiteA.PortfolioManagement">
    <ignored/>
  </testcase> <!-- createPortofolio -->
</testsuite> <!-- Delete Portfolio Test -->
