<?xml version="1.0" encoding="UTF-8"?>
<testng-results skipped="0" failed="0" ignored="0" total="1" passed="1">
  <reporter-output>
  </reporter-output>
  <suite name="Default suite" duration-ms="12144" started-at="2021-07-13T00:50:14Z" finished-at="2021-07-13T00:50:26Z">
    <groups>
    </groups>
    <test name="Default test" duration-ms="12144" started-at="2021-07-13T00:50:14Z" finished-at="2021-07-13T00:50:26Z">
      <class name="com.project.suiteA.CreatePortifolioTest">
        <test-method status="PASS" signature="f()[pri:0, instance:com.project.suiteA.CreatePortifolioTest@21507a04]" name="f" duration-ms="11994" started-at="2021-07-13T00:50:14Z" finished-at="2021-07-13T00:50:26Z">
          <reporter-output>
          </reporter-output>
        </test-method> <!-- f -->
      </class> <!-- com.project.suiteA.CreatePortifolioTest -->
    </test> <!-- Default test -->
  </suite> <!-- Default suite -->
</testng-results>
