<?xml version="1.0" encoding="UTF-8"?>
<testng-results skipped="0" failed="0" ignored="8" total="12" passed="4">
  <reporter-output>
  </reporter-output>
  <suite name="PortfolioSuite" duration-ms="40053" started-at="2021-08-05T00:28:44Z" finished-at="2021-08-05T00:29:24Z">
    <groups>
    </groups>
    <test name="Create Portfolio Test" duration-ms="21701" started-at="2021-08-05T00:28:44Z" finished-at="2021-08-05T00:29:06Z">
      <class name="com.project.suiteA.Session">
        <test-method status="PASS" signature="beforeTest(org.testng.ITestContext)[pri:0, instance:com.project.suiteA.Session@6ce139a4]" name="beforeTest" is-config="true" duration-ms="689" started-at="2021-08-05T00:28:44Z" finished-at="2021-08-05T00:28:45Z">
          <params>
            <param index="0">
              <value>
                <![CDATA[org.testng.TestRunner@7103ab0]]>
              </value>
            </param>
          </params>
          <reporter-output>
          </reporter-output>
        </test-method> <!-- beforeTest -->
        <test-method status="PASS" signature="beforeMethod(org.testng.ITestContext)[pri:0, instance:com.project.suiteA.Session@6ce139a4]" name="beforeMethod" is-config="true" duration-ms="3" started-at="2021-08-05T00:28:45Z" finished-at="2021-08-05T00:28:45Z">
          <params>
            <param index="0">
              <value>
                <![CDATA[org.testng.TestRunner@7103ab0]]>
              </value>
            </param>
          </params>
          <reporter-output>
          </reporter-output>
        </test-method> <!-- beforeMethod -->
        <test-method status="PASS" signature="doLogin()[pri:0, instance:com.project.suiteA.Session@6ce139a4]" name="doLogin" duration-ms="18060" started-at="2021-08-05T00:28:45Z" finished-at="2021-08-05T00:29:03Z">
          <reporter-output>
          </reporter-output>
        </test-method> <!-- doLogin -->
        <test-method status="PASS" signature="quit()[pri:0, instance:com.project.suiteA.Session@6ce139a4]" name="quit" is-config="true" duration-ms="2801" started-at="2021-08-05T00:29:03Z" finished-at="2021-08-05T00:29:06Z">
          <reporter-output>
          </reporter-output>
        </test-method> <!-- quit -->
      </class> <!-- com.project.suiteA.Session -->
      <class name="com.project.suiteA.PortfolioManagement">
        <test-method status="PASS" signature="beforeMethod(org.testng.ITestContext)[pri:0, instance:com.project.suiteA.PortfolioManagement@6973bf95]" name="beforeMethod" is-config="true" duration-ms="1" started-at="2021-08-05T00:29:03Z" finished-at="2021-08-05T00:29:03Z">
          <params>
            <param index="0">
              <value>
                <![CDATA[org.testng.TestRunner@7103ab0]]>
              </value>
            </param>
          </params>
          <reporter-output>
          </reporter-output>
        </test-method> <!-- beforeMethod -->
        <test-method status="PASS" signature="createPortofolio()[pri:0, instance:com.project.suiteA.PortfolioManagement@6973bf95]" name="createPortofolio" duration-ms="5" started-at="2021-08-05T00:29:03Z" finished-at="2021-08-05T00:29:03Z">
          <reporter-output>
          </reporter-output>
        </test-method> <!-- createPortofolio -->
      </class> <!-- com.project.suiteA.PortfolioManagement -->
    </test> <!-- Create Portfolio Test -->
    <test name="Delete Portfolio Test" duration-ms="18301" started-at="2021-08-05T00:29:06Z" finished-at="2021-08-05T00:29:24Z">
      <class name="com.project.suiteA.Session">
        <test-method status="PASS" signature="beforeTest(org.testng.ITestContext)[pri:0, instance:com.project.suiteA.Session@1677d1]" name="beforeTest" is-config="true" duration-ms="7" started-at="2021-08-05T00:29:06Z" finished-at="2021-08-05T00:29:06Z">
          <params>
            <param index="0">
              <value>
                <![CDATA[org.testng.TestRunner@19ccca5]]>
              </value>
            </param>
          </params>
          <reporter-output>
          </reporter-output>
        </test-method> <!-- beforeTest -->
        <test-method status="PASS" signature="doLogin()[pri:0, instance:com.project.suiteA.Session@1677d1]" name="doLogin" duration-ms="17730" started-at="2021-08-05T00:29:06Z" finished-at="2021-08-05T00:29:24Z">
          <reporter-output>
          </reporter-output>
        </test-method> <!-- doLogin -->
        <test-method status="PASS" signature="beforeMethod(org.testng.ITestContext)[pri:0, instance:com.project.suiteA.Session@1677d1]" name="beforeMethod" is-config="true" duration-ms="0" started-at="2021-08-05T00:29:06Z" finished-at="2021-08-05T00:29:06Z">
          <params>
            <param index="0">
              <value>
                <![CDATA[org.testng.TestRunner@19ccca5]]>
              </value>
            </param>
          </params>
          <reporter-output>
          </reporter-output>
        </test-method> <!-- beforeMethod -->
        <test-method status="PASS" signature="quit()[pri:0, instance:com.project.suiteA.Session@1677d1]" name="quit" is-config="true" duration-ms="333" started-at="2021-08-05T00:29:24Z" finished-at="2021-08-05T00:29:24Z">
          <reporter-output>
          </reporter-output>
        </test-method> <!-- quit -->
      </class> <!-- com.project.suiteA.Session -->
      <class name="com.project.suiteA.PortfolioManagement">
        <test-method status="PASS" signature="beforeMethod(org.testng.ITestContext)[pri:0, instance:com.project.suiteA.PortfolioManagement@48fa0f47]" name="beforeMethod" is-config="true" duration-ms="1" started-at="2021-08-05T00:29:24Z" finished-at="2021-08-05T00:29:24Z">
          <params>
            <param index="0">
              <value>
                <![CDATA[org.testng.TestRunner@19ccca5]]>
              </value>
            </param>
          </params>
          <reporter-output>
          </reporter-output>
        </test-method> <!-- beforeMethod -->
        <test-method status="PASS" signature="deletePortofolio()[pri:0, instance:com.project.suiteA.PortfolioManagement@48fa0f47]" name="deletePortofolio" duration-ms="4" started-at="2021-08-05T00:29:24Z" finished-at="2021-08-05T00:29:24Z">
          <reporter-output>
          </reporter-output>
        </test-method> <!-- deletePortofolio -->
      </class> <!-- com.project.suiteA.PortfolioManagement -->
    </test> <!-- Delete Portfolio Test -->
  </suite> <!-- PortfolioSuite -->
</testng-results>
