<?xml version="1.0" encoding="UTF-8"?>
<testng-results skipped="0" failed="0" ignored="0" total="1" passed="1">
  <reporter-output>
  </reporter-output>
  <suite name="My Suite" duration-ms="109" started-at="2021-07-22T05:59:36 IST" finished-at="2021-07-22T05:59:36 IST">
    <groups>
    </groups>
    <test name="Login Test" duration-ms="109" started-at="2021-07-22T05:59:36 IST" finished-at="2021-07-22T05:59:36 IST">
      <class name="testcases.Login">
        <test-method status="PASS" signature="f()[pri:0, instance:testcases.Login@ea4a92b]" name="f" duration-ms="12" started-at="2021-07-22T05:59:36 IST" finished-at="2021-07-22T05:59:36 IST">
          <reporter-output>
          </reporter-output>
        </test-method> <!-- f -->
      </class> <!-- testcases.Login -->
    </test> <!-- Login Test -->
  </suite> <!-- My Suite -->
</testng-results>
