<?xml version="1.0" encoding="UTF-8"?>
<!-- Generated by org.testng.reporters.JUnitXMLReporter -->
<testsuite hostname="DESKTOP-27L8JE7" ignored="6" name="Default test" tests="1" failures="0" timestamp="30 Jun 2021 00:53:48 GMT" time="21.82" errors="0">
  <testcase name="autoSuggestion" time="11.487" classname="actionsAndJavascriptExecutors.MouseOperations"/>
  <testcase name="MoveToelement" time="0.0" classname="actionsAndJavascriptExecutors.MouseOperations">
    <ignored/>
  </testcase> <!-- MoveToelement -->
  <testcase name="dragAnddrop" time="0.0" classname="actionsAndJavascriptExecutors.MouseOperations">
    <ignored/>
  </testcase> <!-- dragAnddrop -->
  <testcase name="rightClickMethod" time="0.0" classname="actionsAndJavascriptExecutors.MouseOperations">
    <ignored/>
  </testcase> <!-- rightClickMethod -->
  <testcase name="Browserslider" time="0.0" classname="actionsAndJavascriptExecutors.MouseOperations">
    <ignored/>
  </testcase> <!-- Browserslider -->
  <testcase name="slider" time="0.0" classname="actionsAndJavascriptExecutors.MouseOperations">
    <ignored/>
  </testcase> <!-- slider -->
  <testcase name="resizeMethod" time="0.0" classname="actionsAndJavascriptExecutors.MouseOperations">
    <ignored/>
  </testcase> <!-- resizeMethod -->
</testsuite> <!-- Default test -->
