<?xml version="1.0" encoding="UTF-8"?>
<!-- Generated by org.testng.reporters.JUnitXMLReporter -->
<testsuite hostname="DESKTOP-27L8JE7" ignored="1" name="Default test" tests="2" failures="0" timestamp="2021-06-03T07:33:33 IST" time="0.176" errors="0">
  <testcase name="f" time="0.016" classname="demogroup.SampleProject.NewTest1"/>
  <testcase name="a" time="0.011" classname="demogroup.SampleProject.NewTest1"/>
  <testcase name="z" time="0.0" classname="demogroup.SampleProject.NewTest1">
    <ignored/>
  </testcase> <!-- z -->
</testsuite> <!-- Default test -->
