<?xml version="1.0" encoding="UTF-8"?>
<!-- Generated by org.testng.reporters.JUnitXMLReporter -->
<testsuite hostname="DESKTOP-27L8JE7" ignored="0" name="Default test" tests="3" failures="0" timestamp="20 Jul 2021 00:38:14 GMT" time="0.141" errors="0">
  <testcase name="searchHotel" time="0.051" classname="testcases.BookingSearch"/>
  <testcase name="selectHotel" time="0.003" classname="testcases.BookingSearch"/>
  <testcase name="enterGuestInfo" time="0.007" classname="testcases.BookingSearch"/>
</testsuite> <!-- Default test -->
