<?xml version="1.0" encoding="UTF-8"?>
<!-- Generated by org.testng.reporters.JUnitXMLReporter -->
<testsuite hostname="DESKTOP-27L8JE7" ignored="0" name="AutomationTest" tests="4" failures="0" timestamp="2021-06-04T06:57:21 IST" time="150.866" errors="0">
  <testcase name="checkboxTest" time="0.458" classname="demogroup.SampleProject.CheckBox1"/>
  <testcase name="linktesting1" time="11.587" classname="demogroup.SampleProject.LinksTesting1"/>
  <testcase name="radioButton1" time="0.405" classname="demogroup.SampleProject.RadioButton1"/>
  <testcase name="amazon" time="30.574" classname="demogroup.SampleProject.TNG_001"/>
</testsuite> <!-- AutomationTest -->
