<?xml version="1.0" encoding="UTF-8"?>
<!-- Generated by org.testng.reporters.JUnitXMLReporter -->
<testsuite hostname="DESKTOP-27L8JE7" ignored="0" name="ChromeTest" tests="4" failures="0" timestamp="2021-06-04T07:13:08 IST" time="133.48" errors="0">
  <testcase name="checkboxTest" time="1.185" classname="demogroup.SampleProject.CheckBox1"/>
  <testcase name="linktesting1" time="1.523" classname="demogroup.SampleProject.LinksTesting1"/>
  <testcase name="radioButton1" time="2.169" classname="demogroup.SampleProject.RadioButton1"/>
  <testcase name="amazon" time="30.049" classname="demogroup.SampleProject.TNG_001"/>
</testsuite> <!-- ChromeTest -->
