<?xml version="1.0" encoding="UTF-8"?>
<!-- Generated by org.testng.reporters.JUnitXMLReporter -->
<testsuite hostname="DESKTOP-27L8JE7" ignored="0" name="FirefoxTest" tests="4" failures="0" timestamp="2021-06-07T06:14:09 IST" time="193.466" errors="0">
  <testcase name="checkboxTest" time="2.041" classname="demogroup.SampleProject.CheckBox1"/>
  <testcase name="linktesting1" time="3.806" classname="demogroup.SampleProject.LinksTesting1"/>
  <testcase name="radioButton1" time="2.776" classname="demogroup.SampleProject.RadioButton1"/>
  <testcase name="amazon" time="8.688" classname="demogroup.SampleProject.TNG_001"/>
</testsuite> <!-- FirefoxTest -->
