<?xml version="1.0" encoding="UTF-8"?>
<!-- Generated by org.testng.reporters.JUnitXMLReporter -->
<testsuite hostname="DESKTOP-27L8JE7" ignored="0" name="Create Booking Test - No Discount" tests="6" failures="0" timestamp="20 Jul 2021 00:52:55 GMT" time="0.195" errors="0">
  <testcase name="searchHotel" time="0.031" classname="testcases.BookingSearch"/>
  <testcase name="selectHotel" time="0.01" classname="testcases.BookingSearch"/>
  <testcase name="enterGuestInfo" time="0.013" classname="testcases.BookingSearch"/>
  <testcase name="applyDiscount" time="0.009" classname="testcases.PaymentManager"/>
  <testcase name="makePayment" time="0.005" classname="testcases.PaymentManager"/>
  <testcase name="checkEmail" time="0.004" classname="testcases.CustomerCommunications"/>
</testsuite> <!-- Create Booking Test - No Discount -->
