<?xml version="1.0" encoding="UTF-8"?>
<!-- Generated by org.testng.reporters.JUnitXMLReporter -->
<testsuite hostname="DESKTOP-27L8JE7" ignored="0" name="Create Booking Test" tests="6" failures="0" timestamp="20 Jul 2021 00:47:20 GMT" time="0.247" errors="0">
  <testcase name="searchHotel" time="0.026" classname="testcases.BookingSearch"/>
  <testcase name="selectHotel" time="0.008" classname="testcases.BookingSearch"/>
  <testcase name="enterGuestInfo" time="0.051" classname="testcases.BookingSearch"/>
  <testcase name="applyDiscount" time="0.006" classname="testcases.PaymentManager"/>
  <testcase name="makePayment" time="0.011" classname="testcases.PaymentManager"/>
  <testcase name="checkEmail" time="0.01" classname="testcases.CustomerCommunications"/>
</testsuite> <!-- Create Booking Test -->
