<?xml version="1.0" encoding="UTF-8"?>
<!-- Generated by org.testng.reporters.JUnitXMLReporter -->
<testsuite hostname="DESKTOP-27L8JE7" ignored="2" name="Create Booking Test - No Discount - pay@hotel" tests="5" failures="0" timestamp="24 Jul 2021 00:46:55 GMT" time="0.017" errors="0">
  <testcase name="searchHotel" time="0.001" classname="testcases.BookingSearch"/>
  <testcase name="selectHotel" time="0.003" classname="testcases.BookingSearch"/>
  <testcase name="enterGuestInfo" time="0.001" classname="testcases.BookingSearch"/>
  <testcase name="makePayment" time="0.002" classname="testcases.PaymentManager"/>
  <testcase name="checkEmail" time="0.001" classname="testcases.CustomerCommunications"/>
  <testcase name="loadBooking" time="0.0" classname="testcases.BookingSearch">
    <ignored/>
  </testcase> <!-- loadBooking -->
  <testcase name="applyDiscount" time="0.0" classname="testcases.PaymentManager">
    <ignored/>
  </testcase> <!-- applyDiscount -->
</testsuite> <!-- Create Booking Test - No Discount - pay@hotel -->
