<?xml version="1.0" encoding="UTF-8"?>
<!-- Generated by org.testng.reporters.JUnitXMLReporter -->
<testsuite hostname="DESKTOP-27L8JE7" ignored="0" name="Test" tests="3" failures="0" timestamp="2021-06-07T06:23:40 IST" time="0.149" errors="0">
  <testcase name="test1" time="0.042" classname="demogroup.SampleProject.NewTest"/>
  <testcase name="test2" time="0.043" classname="demogroup.SampleProject.NewTest"/>
  <testcase name="test3" time="0.042" classname="demogroup.SampleProject.NewTest"/>
</testsuite> <!-- Test -->
